1598560988500	geckodriver	INFO	Listening on 127.0.0.1:64597
1598560991514	mozrunner::runner	INFO	Running command: "C:\\Program Files\\Mozilla Firefox\\firefox.exe" "--marionette" "-foreground" "-no-remote" "-profile" "C:\\Users\\MUCAHI~1\\AppData\\Local\\Temp\\rust_mozprofileIYdyP7"
JavaScript error: resource://gre/modules/XULStore.jsm, line 66: Error: Can't find profile directory.
console.error: SearchCache: "_readCacheFile: Error reading cache file:" (new Error("", "(unknown module)"))
1598560992792	Marionette	INFO	Listening on port 64606
1598560993021	Marionette	WARN	TLS certificate errors will be ignored for this session
1598561118120	Marionette	INFO	Stopped listening on port 64606

###!!! [Child][RunMessage] Error: Channel closing: too late to send/recv, messages will be lost


###!!! [Child][MessageChannel::SendAndWait] Error: Channel error: cannot send/recv

1598561119541	geckodriver	INFO	Listening on 127.0.0.1:64793
1598561122575	mozrunner::runner	INFO	Running command: "C:\\Program Files\\Mozilla Firefox\\firefox.exe" "--marionette" "-foreground" "-no-remote" "-profile" "C:\\Users\\MUCAHI~1\\AppData\\Local\\Temp\\rust_mozprofilePaXr2M"
JavaScript error: resource://gre/modules/XULStore.jsm, line 66: Error: Can't find profile directory.
console.error: SearchCache: "_readCacheFile: Error reading cache file:" (new Error("", "(unknown module)"))
1598561123853	Marionette	INFO	Listening on port 64803
1598561124089	Marionette	WARN	TLS certificate errors will be ignored for this session
1598561549284	Marionette	INFO	Stopped listening on port 64803

###!!! [Child][RunMessage] Error: Channel closing: too late to send/recv, messages will be lost


###!!! [Child][MessageChannel::SendAndWait] Error: Channel error: cannot send/recv

l\\Temp\\rust_mozprofileh3UOZG"
JavaScript error: resource://gre/modules/XULStore.jsm, line 66: Error: Can't find profile directory.
console.error: SearchCache: "_readCacheFile: Error reading cache file:" (new Error("", "(unknown module)"))
1598561294369	Marionette	INFO	Listening on port 65057
1598561294457	Marionette	WARN	TLS certificate errors will be ignored for this session
1598561314114	Marionette	INFO	Stopped listening on port 65057

###!!! [Child][RunMessage] Error: Channel closing: too late to send/recv, messages will be lost


###!!! [Child][MessageChannel::SendAndWait] Error: Channel error: cannot send/recv

1598561525028	geckodriver	INFO	Listening on 127.0.0.1:65309
1598561528064	mozrunner::runner	INFO	Running command: "C:\\Program Files\\Mozilla Firefox\\firefox.exe" "--marionette" "-foreground" "-no-remote" "-profile" "C:\\Users\\MUCAHI~1\\AppData\\Local\\Temp\\rust_mozprofileKZcH9k"
JavaScript error: resource://gre/modules/XULStore.jsm, line 66: Error: Can't find profile directory.
console.error: SearchCache: "_readCacheFile: Error reading cache file:" (new Error("", "(unknown module)"))
1598561529323	Marionette	INFO	Listening on port 65319
1598561529571	Marionette	WARN	TLS certificate errors will be ignored for this session
IPDL protocol error: Handler returned error code!

###!!! [Parent][DispatchAsyncMessage] Error: PLayerTransaction::Msg_ReleaseLayer Processing error: message was deserialized, but the handler returned false (indicating failure)

1598561547571	Marionette	INFO	Stopped listening on port 65319

###!!! [Child][RunMessage] Error: Channel closing: too late to send/recv, messages will be lost


###!!! [Child][MessageChannel::SendAndWait] Error: Channel error: cannot send/recv

1598561560043	geckodriver	INFO	Listening on 127.0.0.1:65447
1598561563089	mozrunner::runner	INFO	Running command: "C:\\Program Files\\Mozilla Firefox\\firefox.exe" "--marionette" "-foreground" "-no-remote" "-profile" "C:\\Users\\MUCAHI~1\\AppData\\Local\\Temp\\rust_mozprofilexEtLSM"
JavaScript error: resource://gre/modules/XULStore.jsm, line 66: Error: Can't find profile directory.
console.error: SearchCache: "_readCacheFile: Error reading cache file:" (new Error("", "(unknown module)"))
1598561564352	Marionette	INFO	Listening on port 65457
1598561564598	Marionette	WARN	TLS certificate errors will be ignored for this session
1598561587502	Marionette	INFO	Stopped listening on port 65457

###!!! [Child][RunMessage] Error: Channel closing: too late to send/recv, messages will be lost


###!!! [Child][MessageChannel::SendAndWait] Error: Channel error: cannot send/recv

1598561612008	geckodriver	INFO	Listening on 127.0.0.1:49202
1598561615044	mozrunner::runner	INFO	Running command: "C:\\Program Files\\Mozilla Firefox\\firefox.exe" "--marionette" "-foreground" "-no-remote" "-profile" "C:\\Users\\MUCAHI~1\\AppData\\Local\\Temp\\rust_mozprofilewuFYpc"
JavaScript error: resource://gre/modules/XULStore.jsm, line 66: Error: Can't find profile directory.
console.error: SearchCache: "_readCacheFile: Error reading cache file:" (new Error("", "(unknown module)"))
1598561616290	Marionette	INFO	Listening on port 49211
1598561616553	Marionette	WARN	TLS certificate errors will be ignored for this session
IPDL protocol error: Handler returned error code!

###!!! [Parent][DispatchAsyncMessage] Error: PLayerTransaction::Msg_ReleaseLayer Processing error: message was deserialized, but the handler returned false (indicating failure)

1598561666073	Marionette	INFO	Stopped listening on port 49211

###!!! [Child][RunMessage] Error: Channel closing: too late to send/recv, messages will be lost


###!!! [Child][MessageChannel::SendAndWait] Error: Channel error: cannot send/recv

dule)"))
1598561653064	Marionette	INFO	Listening on port 49354
1598561653330	Marionette	WARN	TLS certificate errors will be ignored for this session
1598561665719	Marionette	INFO	Stopped listening on port 49354

###!!! [Child][RunMessage] Error: Channel closing: too late to send/recv, messages will be lost


###!!! [Child][MessageChannel::SendAndWait] Error: Channel error: cannot send/recv

1598561762478	geckodriver	INFO	Listening on 127.0.0.1:49550
1598561765503	mozrunner::runner	INFO	Running command: "C:\\Program Files\\Mozilla Firefox\\firefox.exe" "--marionette" "-foreground" "-no-remote" "-profile" "C:\\Users\\MUCAHI~1\\AppData\\Local\\Temp\\rust_mozprofileyqrOxC"
JavaScript error: resource://gre/modules/XULStore.jsm, line 66: Error: Can't find profile directory.
console.error: SearchCache: "_readCacheFile: Error reading cache file:" (new Error("", "(unknown module)"))
1598561766745	Marionette	INFO	Listening on port 49561
1598561767008	Marionette	WARN	TLS certificate errors will be ignored for this session
1598561791339	Marionette	INFO	Stopped listening on port 49561598561792725	mozrunner::runner	INFO	Running command: "C:\\Program Files\\Mozilla Firefox\\firefox.exe" "--marionette" "-foreground" "-no-remote" "-profile" "C:\\Users\\MUCAHI~1\\AppData\\Local\\Temp\\rust_mozprofileflmawy"
JavaScript error: resource://gre/modules/XULStore.jsm, line 66: Error: Can't find profile directory.
console.error: SearchCache: "_readCacheFile: Error reading cache file:" (new Error("", "(unknown module)"))
1598561794014	Marionette	INFO	Listening on port 49693
1598561794233	Marionette	WARN	TLS certificate errors will be ignored for this session
1598561855933	Marionette	INFO	Stopped listening on port 49693

###!!! [Child][RunMessage] Error: Channel closing: too late to send/recv, messages will be lost


###!!! [Child][MessageChannel::SendAndWait] Error: Channel error: cannot send/recv

l\\Temp\\rust_mozprofile5MbLLp"
JavaScript error: resource://gre/modules/XULStore.jsm, line 66: Error: Can't find profile directory.
console.error: SearchCache: "_readCacheFile: Error reading cache file:" (new Error("", "(unknown module)"))
1598561853231	Marionette	INFO	Listening on port 49836
1598561853340	Marionette	WARN	TLS certificate errors will be ignored for this session
IPDL protocol error: Handler returned error code!

###!!! [Parent][DispatchAsyncMessage] Error: PLayerTransaction::Msg_ReleaseLayer Processing error: message was deserialized, but the handler returned false (indicating failure)

1598561896226	Marionette	INFO	Stopped listening on port 49836

###!!! [Child][RunMessage] Error: Channel closing: too late to send/recv, messages will be lost


###!!! [Child][MessageChannel::SendAndWait] Error: Channel error: cannot send/recv

dule)"))
1598561878675	Marionette	INFO	Listening on port 49966
1598561878928	Marionette	WARN	TLS certificate errors will be ignored for this session
1598561891855	Marionette	INFO	Stopped listening on port 49966

###!!! [Child][RunMessage] Error: Channel closing: too late to send/recv, messages will be lost


###!!! [Child][MessageChannel::SendAndWait] Error: Channel error: cannot send/recv

1598562147573	geckodriver	INFO	Listening on 127.0.0.1:50282
1598562150597	mozrunner::runner	INFO	Running command: "C:\\Program Files\\Mozilla Firefox\\firefox.exe" "--marionette" "-foreground" "-no-remote" "-profile" "C:\\Users\\MUCAHI~1\\AppData\\Local\\Temp\\rust_mozprofile3b0x4l"
JavaScript error: resource://gre/modules/XULStore.jsm, line 66: Error: Can't find profile directory.
console.error: SearchCache: "_readCacheFile: Error reading cache file:" (new Error("", "(unknown module)"))
1598562151871	Marionette	INFO	Listening on port 50291
1598562152116	Marionette	WARN	TLS certificate errors will be ignored for this session
1598562281314	Marionette	INFO	Stopped listening on port 50291

###!!! [Child][RunMessage] Error: Channel closing: too late to send/recv, messages will be lost


###!!! [Child][MessageChannel::SendAndWait] Error: Channel error: cannot send/recv

1598562341082	geckodriver	INFO	Listening on 127.0.0.1:50510
1598562344116	mozrunner::runner	INFO	Running command: "C:\\Program Files\\Mozilla Firefox\\firefox.exe" "--marionette" "-foreground" "-no-remote" "-profile" "C:\\Users\\MUCAHI~1\\AppData\\Local\\Temp\\rust_mozprofile1YKlUQ"
JavaScript error: resource://gre/modules/XULStore.jsm, line 66: Error: Can't find profile directory.
console.error: SearchCache: "_readCacheFile: Error reading cache file:" (new Error("", "(unknown module)"))
1598562345409	Marionette	INFO	Listening on port 50520
1598562345623	Marionette	WARN	TLS certificate errors will be ignored for this session
1598562367640	Marionette	INFO	Stopped listening on port 50520

###!!! [Child][RunMessage] Error: Channel closing: too late to send/recv, messages will be lost


###!!! [Child][MessageChannel::SendAndWait] Error: Channel error: cannot send/recv

1598562389783	geckodriver	INFO	Listening on 127.0.0.1:50647
1598562392807	mozrunner::runner	INFO	Running command: "C:\\Program Files\\Mozilla Firefox\\firefox.exe" "--marionette" "-foreground" "-no-remote" "-profile" "C:\\Users\\MUCAHI~1\\AppData\\Local\\Temp\\rust_mozprofileejLpAi"
JavaScript error: resource://gre/modules/XULStore.jsm, line 66: Error: Can't find profile directory.
console.error: SearchCache: "_readCacheFile: Error reading cache file:" (new Error("", "(unknown module)"))
1598562394084	Marionette	INFO	Listening on port 50658
1598562394317	Marionette	WARN	TLS certificate errors will be ignored for this session
1598562437204	Marionette	INFO	Stopped listening on port 50658

###!!! [Child][RunMessage] Error: Channel closing: too late to send/recv, messages will be lost


###!!! [Child][MessageChannel::SendAndWait] Error: Channel error: cannot send/recv

1598562471527	geckodriver	INFO	Listening on 127.0.0.1:50818
1598562474552	mozrunner::runner	INFO	Running command: "C:\\Program Files\\Mozilla Firefox\\firefox.exe" "--marionette" "-foreground" "-no-remote" "-profile" "C:\\Users\\MUCAHI~1\\AppData\\Local\\Temp\\rust_mozprofile8sfyMm"
JavaScript error: resource://gre/modules/XULStore.jsm, line 66: Error: Can't find profile directory.
console.error: SearchCache: "_readCacheFile: Error reading cache file:" (new Error("", "(unknown module)"))
1598562475793	Marionette	INFO	Listening on port 50827
1598562476058	Marionette	WARN	TLS certificate errors will be ignored for this session
1598562543168	Marionette	INFO	Stopped listening on port 50827

###!!! [Child][RunMessage] Error: Channel closing: too late to send/recv, messages will be lost


###!!! [Child][MessageChannel::SendAndWait] Error: Channel error: cannot send/recv

l\\Temp\\rust_mozprofile6wOMCK"
JavaScript error: resource://gre/modules/XULStore.jsm, line 66: Error: Can't find profile directory.
console.error: SearchCache: "_readCacheFile: Error reading cache file:" (new Error("", "(unknown module)"))
1598562519551	Marionette	INFO	Listening on port 50964
1598562519755	Marionette	WARN	TLS certificate errors will be ignored for this session
1598562542306	Marionette	INFO	Stopped listening on port 50964

###!!! [Child][RunMessage] Error: Channel closing: too late to send/recv, messages will be lost


###!!! [Child][MessageChannel::SendAndWait] Error: Channel error: cannot send/recv

1598562561232	geckodriver	INFO	Listening on 127.0.0.1:51093
1598562564265	mozrunner::runner	INFO	Running command: "C:\\Program Files\\Mozilla Firefox\\firefox.exe" "--marionette" "-foreground" "-no-remote" "-profile" "C:\\Users\\MUCAHI~1\\AppData\\Local\\Temp\\rust_mozprofilewINgpN"
JavaScript error: resource://gre/modules/XULStore.jsm, line 66: Error: Can't find profile directory.
console.error: SearchCache: "_readCacheFile: Error reading cache file:" (new Error("", "(unknown module)"))
1598562565548	Marionette	INFO	Listening on port 51103
1598562565770	Marionette	WARN	TLS certificate errors will be ignored for this session
1598562584727	Marionette	INFO	Stopped listening on port 51103

###!!! [Child][MessageChannel::SendAndWait] Error: Channel error: cannot send/recv

1598562680533	geckodriver	INFO	Listening on 127.0.0.1:51256
1598562683556	mozrunner::runner	INFO	Running command: "C:\\Program Files\\Mozilla Firefox\\firefox.exe" "--marionette" "-foreground" "-no-remote" "-profile" "C:\\Users\\MUCAHI~1\\AppData\\Local\\Temp\\rust_mozprofileSMPPfg"
JavaScript error: resource://gre/modules/XULStore.jsm, line 66: Error: Can't find profile directory.
console.error: SearchCache: "_readCacheFile: Error reading cache file:" (new Error("", "(unknown module)"))
1598562684851	Marionette	INFO	Listening on port 51268
1598562685062	Marionette	WARN	TLS certificate errors will be ignored for this session
1598562702701	Marionette	INFO	Stopped listening on port 51268

###!!! [Child][RunMessage] Error: Channel closing: too late to send/recv, messages will be lost


###!!! [Child][MessageChannel::SendAndWait] Error: Channel error: cannot send/recv

1598562733227	geckodriver	INFO	Listening on 127.0.0.1:51400
1598562736263	mozrunner::runner	INFO	Running command: "C:\\Program Files\\Mozilla Firefox\\firefox.exe" "--marionette" "-foreground" "-no-remote" "-profile" "C:\\Users\\MUCAHI~1\\AppData\\Local\\Temp\\rust_mozprofileM8TQvx"
JavaScript error: resource://gre/modules/XULStore.jsm, line 66: Error: Can't find profile directory.
console.error: SearchCache: "_readCacheFile: Error reading cache file:" (new Error("", "(unknown module)"))
1598562737540	Marionette	INFO	Listening on port 51409
1598562737769	Marionette	WARN	TLS certificate errors will be ignored for this session
1598562762052	Marionette	INFO	Stopped listening on port 51409

###!!! [Child][MessageChannel::SendAndWait] Error: Channel error: cannot send/recv

1598562800203	geckodriver	INFO	Listening on 127.0.0.1:51559
1598562803227	mozrunner::runner	INFO	Running command: "C:\\Program Files\\Mozilla Firefox\\firefox.exe" "--marionette" "-foreground" "-no-remote" "-profile" "C:\\Users\\MUCAHI~1\\AppData\\Local\\Temp\\rust_mozprofileTzpq4Z"
JavaScript error: resource://gre/modules/XULStore.jsm, line 66: Error: Can't find profile directory.
console.error: SearchCache: "_readCacheFile: Error reading cache file:" (new Error("", "(unknown module)"))
1598562804459	Marionette	INFO	Listening on port 51568
1598562804732	Marionette	WARN	TLS certificate errors will be ignored for this session
1598562819484	Marionette	INFO	Stopped listening on port 51568

###!!! [Child][MessageChannel::SendAndWait] Error: Channel error: cannot send/recv

1598562884667	geckodriver	INFO	Listening on 127.0.0.1:51726
1598562887702	mozrunner::runner	INFO	Running command: "C:\\Program Files\\Mozilla Firefox\\firefox.exe" "--marionette" "-foreground" "-no-remote" "-profile" "C:\\Users\\MUCAHI~1\\AppData\\Local\\Temp\\rust_mozprofilejApcLK"
JavaScript error: resource://gre/modules/XULStore.jsm, line 66: Error: Can't find profile directory.
console.error: SearchCache: "_readCacheFile: Error reading cache file:" (new Error("", "(unknown module)"))
1598562888995	Marionette	INFO	Listening on port 51737
1598562889209	Marionette	WARN	TLS certificate errors will be ignored for this session
1598562911671	Marionette	INFO	Stopped listening on port 51737

###!!! [Child][RunMessage] Error: Channel closing: too late to send/recv, messages will be lost


###!!! [Child][MessageChannel::SendAndWait] Error: Channel error: cannot send/recv

1598563282229	geckodriver	INFO	Listening on 127.0.0.1:52096
1598563285252	mozrunner::runner	INFO	Running command: "C:\\Program Files\\Mozilla Firefox\\firefox.exe" "--marionette" "-foreground" "-no-remote" "-profile" "C:\\Users\\MUCAHI~1\\AppData\\Local\\Temp\\rust_mozprofilesnLr4N"
JavaScript error: resource://gre/modules/XULStore.jsm, line 66: Error: Can't find profile directory.
console.error: SearchCache: "_readCacheFile: Error reading cache file:" (new Error("", "(unknown module)"))
1598563286549	Marionette	INFO	Listening on port 52106
1598563286759	Marionette	WARN	TLS certificate errors will be ignored for this session
1598563330506	Marionette	INFO	Stopped listening on port 52106

###!!! [Child][RunMessage] Error: Channel closing: too late to send/recv, messages will be lost


###!!! [Child][MessageChannel::SendAndWait] Error: Channel error: cannot send/recv

1598563405230	geckodriver	INFO	Listening on 127.0.0.1:52291
1598563408255	mozrunner::runner	INFO	Running command: "C:\\Program Files\\Mozilla Firefox\\firefox.exe" "--marionette" "-foreground" "-no-remote" "-profile" "C:\\Users\\MUCAHI~1\\AppData\\Local\\Temp\\rust_mozprofilewb0qT2"
JavaScript error: resource://gre/modules/XULStore.jsm, line 66: Error: Can't find profile directory.
console.error: SearchCache: "_readCacheFile: Error reading cache file:" (new Error("", "(unknown module)"))
1598563409473	Marionette	INFO	Listening on port 52301
1598563409762	Marionette	WARN	TLS certificate errors will be ignored for this session
1598563423855	Marionette	WARN	TimedPromise timed out after 0 ms: stacktrace:
TimedPromise/<@chrome://marionette/content/sync.js:245:13
TimedPromise@chrome://marionette/content/sync.js:230:10
Sleep@chrome://marionette/content/sync.js:283:10
dispatchPause@chrome://marionette/content/action.js:1482:10
toEvents/<@chrome://marionette/content/action.js:1156:16
action.dispatchTickActions@chrome://marionette/content/action.js:1060:35
action.dispatch/chainEvents<@chrome://marionette/content/action.js:1028:20
action.dispatch@chrome://marionette/content/action.js:1034:5
performActions@chrome://marionette/content/listener.js:868:16
dispatch/</req<@chrome://marionette/content/listener.js:541:14
dispatch/<@chrome://marionette/content/listener.js:534:15
1598563429498	Marionette	INFO	Stopped listening on port 52301

###!!! [Child][RunMessage] Error: Channel closing: too late to send/recv, messages will be lost


###!!! [Child][MessageChannel::SendAndWait] Error: Channel error: cannot send/recv

1598563457861	geckodriver	INFO	Listening on 127.0.0.1:52427
1598563460884	mozrunner::runner	INFO	Running command: "C:\\Program Files\\Mozilla Firefox\\firefox.exe" "--marionette" "-foreground" "-no-remote" "-profile" "C:\\Users\\MUCAHI~1\\AppData\\Local\\Temp\\rust_mozprofile0onZyf"
JavaScript error: resource://gre/modules/XULStore.jsm, line 66: Error: Can't find profile directory.
console.error: SearchCache: "_readCacheFile: Error reading cache file:" (new Error("", "(unknown module)"))
1598563462175	Marionette	INFO	Listening on port 52437
1598563462389	Marionette	WARN	TLS certificate errors will be ignored for this session
1598563478486	Marionette	WARN	TimedPromise timed out after 0 ms: stacktrace:
TimedPromise/<@chrome://marionette/content/sync.js:245:13
TimedPromise@chrome://marionette/content/sync.js:230:10
Sleep@chrome://marionette/content/sync.js:283:10
dispatchPause@chrome://marionette/content/action.js:1482:10
toEvents/<@chrome://marionette/content/action.js:1156:16
action.dispatchTickActions@chrome://marionette/content/action.js:1060:35
action.dispatch/chainEvents<@chrome://marionette/content/action.js:1028:20
action.dispatch@chrome://marionette/content/action.js:1034:5
performActions@chrome://marionette/content/listener.js:868:16
dispatch/</req<@chrome://marionette/content/listener.js:541:14
dispatch/<@chrome://marionette/content/listener.js:534:15
1598563483554	Marionette	INFO	Stopped listening on port 52437

###!!! [Child][MessageChannel::SendAndWait] Error: Channel error: cannot send/recv

1598566016616	geckodriver	INFO	Listening on 127.0.0.1:54044
1598566019652	mozrunner::runner	INFO	Running command: "C:\\Program Files\\Mozilla Firefox\\firefox.exe" "--marionette" "-foreground" "-no-remote" "-profile" "C:\\Users\\MUCAHI~1\\AppData\\Local\\Temp\\rust_mozprofile3zbxPN"
JavaScript error: resource://gre/modules/XULStore.jsm, line 66: Error: Can't find profile directory.
console.error: SearchCache: "_readCacheFile: Error reading cache file:" (new Error("", "(unknown module)"))
1598566020930	Marionette	INFO	Listening on port 54054
1598566021164	Marionette	WARN	TLS certificate errors will be ignored for this session
JavaScript error: https://cdn.dsmcdn.com/frontend/web/production/home-fb66bb4171.async.bundle.js, line 1: TypeError: window.tycommon is undefined
1598566037178	Marionette	WARN	TimedPromise timed out after 0 ms: stacktrace:
TimedPromise/<@chrome://marionette/content/sync.js:245:13
TimedPromise@chrome://marionette/content/sync.js:230:10
Sleep@chrome://marionette/content/sync.js:283:10
dispatchPause@chrome://marionette/content/action.js:1482:10
toEvents/<@chrome://marionette/content/action.js:1156:16
action.dispatchTickActions@chrome://marionette/content/action.js:1060:35
action.dispatch/chainEvents<@chrome://marionette/content/action.js:1028:20
action.dispatch@chrome://marionette/content/action.js:1034:5
performActions@chrome://marionette/content/listener.js:868:16
dispatch/</req<@chrome://marionette/content/listener.js:541:14
dispatch/<@chrome://marionette/content/listener.js:534:15
1598566072568	Marionette	INFO	Stopped listening on port 54054

###!!! [Child][RunMessage] Error: Channel closing: too late to send/recv, messages will be lost


###!!! [Child][MessageChannel::SendAndWait] Error: Channel error: cannot send/recv

1598566447066	geckodriver	INFO	Listening on 127.0.0.1:54464
1598566450102	mozrunner::runner	INFO	Running command: "C:\\Program Files\\Mozilla Firefox\\firefox.exe" "--marionette" "-foreground" "-no-remote" "-profile" "C:\\Users\\MUCAHI~1\\AppData\\Local\\Temp\\rust_mozprofilelj17SD"
JavaScript error: resource://gre/modules/XULStore.jsm, line 66: Error: Can't find profile directory.
console.error: SearchCache: "_readCacheFile: Error reading cache file:" (new Error("", "(unknown module)"))
1598566451378	Marionette	INFO	Listening on port 54474
1598566451613	Marionette	WARN	TLS certificate errors will be ignored for this session
JavaScript error: https://cdn.dsmcdn.com/frontend/web/production/home-fb66bb4171.async.bundle.js, line 1: TypeError: window.tycommon is undefined
1598566465855	Marionette	INFO	Stopped listening on port 54474

###!!! [Child][RunMessage] Error: Channel closing: too late to send/recv, messages will be lost


###!!! [Child][MessageChannel::SendAndWait] Error: Channel error: cannot send/recv

1598566476205	geckodriver	INFO	Listening on 127.0.0.1:54600
1598566479219	mozrunner::runner	INFO	Running command: "C:\\Program Files\\Mozilla Firefox\\firefox.exe" "--marionette" "-foreground" "-no-remote" "-profile" "C:\\Users\\MUCAHI~1\\AppData\\Local\\Temp\\rust_mozprofilejYGCKL"
JavaScript error: resource://gre/modules/XULStore.jsm, line 66: Error: Can't find profile directory.
console.error: SearchCache: "_readCacheFile: Error reading cache file:" (new Error("", "(unknown module)"))
1598566480463	Marionette	INFO	Listening on port 54609
1598566480725	Marionette	WARN	TLS certificate errors will be ignored for this session
1598566502178	Marionette	INFO	Stopped listening on port 54609

###!!! [Child][RunMessage] Error: Channel closing: too late to send/recv, messages will be lost


###!!! [Child][MessageChannel::SendAndWait] Error: Channel error: cannot send/recv

1598566507799	geckodriver	INFO	Listening on 127.0.0.1:54733
1598566510824	mozrunner::runner	INFO	Running command: "C:\\Program Files\\Mozilla Firefox\\firefox.exe" "--marionette" "-foreground" "-no-remote" "-profile" "C:\\Users\\MUCAHI~1\\AppData\\Local\\Temp\\rust_mozprofileYM9KFt"
JavaScript error: resource://gre/modules/XULStore.jsm, line 66: Error: Can't find profile directory.
console.error: SearchCache: "_readCacheFile: Error reading cache file:" (new Error("", "(unknown module)"))
1598566512029	Marionette	INFO	Listening on port 54742
1598566512330	Marionette	WARN	TLS certificate errors will be ignored for this session
1598566530416	Marionette	INFO	Stopped listening on port 54742

###!!! [Child][RunMessage] Error: Channel closing: too late to send/recv, messages will be lost


###!!! [Child][MessageChannel::SendAndWait] Error: Channel error: cannot send/recv

1598566539852	geckodriver	INFO	Listening on 127.0.0.1:54868
1598566542896	mozrunner::runner	INFO	Running command: "C:\\Program Files\\Mozilla Firefox\\firefox.exe" "--marionette" "-foreground" "-no-remote" "-profile" "C:\\Users\\MUCAHI~1\\AppData\\Local\\Temp\\rust_mozprofileT7yB95"
JavaScript error: resource://gre/modules/XULStore.jsm, line 66: Error: Can't find profile directory.
console.error: SearchCache: "_readCacheFile: Error reading cache file:" (new Error("", "(unknown module)"))
1598566544176	Marionette	INFO	Listening on port 54878
1598566544402	Marionette	WARN	TLS certificate errors will be ignored for this session
1598566606091	Marionette	INFO	Stopped listening on port 54878

###!!! [Child][RunMessage] Error: Channel closing: too late to send/recv, messages will be lost


###!!! [Child][MessageChannel::SendAndWait] Error: Channel error: cannot send/recv

l\\Temp\\rust_mozprofileeZp5zk"
JavaScript error: resource://gre/modules/XULStore.jsm, line 66: Error: Can't find profile directory.
console.error: SearchCache: "_readCacheFile: Error reading cache file:" (new Error("", "(unknown module)"))
1598566563532	Marionette	INFO	Listening on port 55006
1598566563804	Marionette	WARN	TLS certificate errors will be ignored for this session
1598566581232	Marionette	INFO	Stopped listening on port 55006

###!!! [Child][RunMessage] Error: Channel closing: too late to send/recv, messages will be lost


###!!! [Child][MessageChannel::SendAndWait] Error: Channel error: cannot send/recv

1598566614034	geckodriver	INFO	Listening on 127.0.0.1:55148
1598566617069	mozrunner::runner	INFO	Running command: "C:\\Program Files\\Mozilla Firefox\\firefox.exe" "--marionette" "-foreground" "-no-remote" "-profile" "C:\\Users\\MUCAHI~1\\AppData\\Local\\Temp\\rust_mozprofile0hlofz"
JavaScript error: resource://gre/modules/XULStore.jsm, line 66: Error: Can't find profile directory.
console.error: SearchCache: "_readCacheFile: Error reading cache file:" (new Error("", "(unknown module)"))
1598566618288	Marionette	INFO	Listening on port 55158
1598566618575	Marionette	WARN	TLS certificate errors will be ignored for this session
1598566638030	Marionette	INFO	Stopped listening on port 55158

###!!! [Child][MessageChannel::SendAndWait] Error: Channel error: cannot send/recv

1598566640549	geckodriver	INFO	Listening on 127.0.0.1:55277
1598566643570	mozrunner::runner	INFO	Running command: "C:\\Program Files\\Mozilla Firefox\\firefox.exe" "--marionette" "-foreground" "-no-remote" "-profile" "C:\\Users\\MUCAHI~1\\AppData\\Local\\Temp\\rust_mozprofileaon5tv"
JavaScript error: resource://gre/modules/XULStore.jsm, line 66: Error: Can't find profile directory.
console.error: SearchCache: "_readCacheFile: Error reading cache file:" (new Error("", "(unknown module)"))
1598566644787	Marionette	INFO	Listening on port 55287
1598566645079	Marionette	WARN	TLS certificate errors will be ignored for this session
1598566665088	Marionette	INFO	Stopped listening on port 55287

###!!! [Child][RunMessage] Error: Channel closing: too late to send/recv, messages will be lost


###!!! [Child][MessageChannel::SendAndWait] Error: Channel error: cannot send/recv

1598566668648	geckodriver	INFO	Listening on 127.0.0.1:55407
1598566671663	mozrunner::runner	INFO	Running command: "C:\\Program Files\\Mozilla Firefox\\firefox.exe" "--marionette" "-foreground" "-no-remote" "-profile" "C:\\Users\\MUCAHI~1\\AppData\\Local\\Temp\\rust_mozprofileLncJ7S"
JavaScript error: resource://gre/modules/XULStore.jsm, line 66: Error: Can't find profile directory.
console.error: SearchCache: "_readCacheFile: Error reading cache file:" (new Error("", "(unknown module)"))
1598566672904	Marionette	INFO	Listening on port 55417
1598566673169	Marionette	WARN	TLS certificate errors will be ignored for this session
1598566693230	Marionette	INFO	Stopped listening on port 55417

###!!! [Child][RunMessage] Error: Channel closing: too late to send/recv, messages will be lost


###!!! [Child][MessageChannel::SendAndWait] Error: Channel error: cannot send/recv

1598566712255	geckodriver	INFO	Listening on 127.0.0.1:55551
1598566715279	mozrunner::runner	INFO	Running command: "C:\\Program Files\\Mozilla Firefox\\firefox.exe" "--marionette" "-foreground" "-no-remote" "-profile" "C:\\Users\\MUCAHI~1\\AppData\\Local\\Temp\\rust_mozprofilejakKCo"
JavaScript error: resource://gre/modules/XULStore.jsm, line 66: Error: Can't find profile directory.
console.error: SearchCache: "_readCacheFile: Error reading cache file:" (new Error("", "(unknown module)"))
1598566716466	Marionette	INFO	Listening on port 55561
1598566716784	Marionette	WARN	TLS certificate errors will be ignored for this session
1598566747358	Marionette	INFO	Stopped listening on port 55561

###!!! [Child][RunMessage] Error: Channel closing: too late to send/recv, messages will be lost


###!!! [Child][MessageChannel::SendAndWait] Error: Channel error: cannot send/recv

1598566754998	geckodriver	INFO	Listening on 127.0.0.1:55735
1598566758023	mozrunner::runner	INFO	Running command: "C:\\Program Files\\Mozilla Firefox\\firefox.exe" "--marionette" "-foreground" "-no-remote" "-profile" "C:\\Users\\MUCAHI~1\\AppData\\Local\\Temp\\rust_mozprofileK4FQWT"
JavaScript error: resource://gre/modules/XULStore.jsm, line 66: Error: Can't find profile directory.
console.error: SearchCache: "_readCacheFile: Error reading cache file:" (new Error("", "(unknown module)"))
1598566759262	Marionette	INFO	Listening on port 55746
1598566759532	Marionette	WARN	TLS certificate errors will be ignored for this session
JavaScript error: https://cdn.dsmcdn.com/frontend/web/production/home-fb66bb4171.async.bundle.js, line 1: TypeError: window.tycommon is undefined
1598566777550	Marionette	INFO	Stopped listening on port 55746

###!!! [Child][RunMessage] Error: Channel closing: too late to send/recv, messages will be lost


###!!! [Child][MessageChannel::SendAndWait] Error: Channel error: cannot send/recv

1598566778454	geckodriver	INFO	Listening on 127.0.0.1:55921
1598566781488	mozrunner::runner	INFO	Running command: "C:\\Program Files\\Mozilla Firefox\\firefox.exe" "--marionette" "-foreground" "-no-remote" "-profile" "C:\\Users\\MUCAHI~1\\AppData\\Local\\Temp\\rust_mozprofilenegwxz"
JavaScript error: resource://gre/modules/XULStore.jsm, line 66: Error: Can't find profile directory.
console.error: SearchCache: "_readCacheFile: Error reading cache file:" (new Error("", "(unknown module)"))
1598566782824	Marionette	INFO	Listening on port 55930
1598566782995	Marionette	WARN	TLS certificate errors will be ignored for this session
1598566798677	Marionette	INFO	Stopped listening on port 55930

###!!! [Child][RunMessage] Error: Channel closing: too late to send/recv, messages will be lost


###!!! [Child][MessageChannel::SendAndWait] Error: Channel error: cannot send/recv

1598566844119	geckodriver	INFO	Listening on 127.0.0.1:56130
1598566847154	mozrunner::runner	INFO	Running command: "C:\\Program Files\\Mozilla Firefox\\firefox.exe" "--marionette" "-foreground" "-no-remote" "-profile" "C:\\Users\\MUCAHI~1\\AppData\\Local\\Temp\\rust_mozprofilejtvxet"
JavaScript error: resource://gre/modules/XULStore.jsm, line 66: Error: Can't find profile directory.
console.error: SearchCache: "_readCacheFile: Error reading cache file:" (new Error("", "(unknown module)"))
1598566848455	Marionette	INFO	Listening on port 56139
1598566848665	Marionette	WARN	TLS certificate errors will be ignored for this session
1598566866499	Marionette	INFO	Stopped listening on port 56139

###!!! [Child][RunMessage] Error: Channel closing: too late to send/recv, messages will be lost


###!!! [Child][MessageChannel::SendAndWait] Error: Channel error: cannot send/recv

1598566897491	geckodriver	INFO	Listening on 127.0.0.1:56328
1598566900528	mozrunner::runner	INFO	Running command: "C:\\Program Files\\Mozilla Firefox\\firefox.exe" "--marionette" "-foreground" "-no-remote" "-profile" "C:\\Users\\MUCAHI~1\\AppData\\Local\\Temp\\rust_mozprofileJREDe2"
JavaScript error: resource://gre/modules/XULStore.jsm, line 66: Error: Can't find profile directory.
console.error: SearchCache: "_readCacheFile: Error reading cache file:" (new Error("", "(unknown module)"))
1598566901742	Marionette	INFO	Listening on port 56337
1598566902038	Marionette	WARN	TLS certificate errors will be ignored for this session
1598566928295	Marionette	INFO	Stopped listening on port 56331598566929271	mozrunner::runner	INFO	Running command: "C:\\Program Files\\Mozilla Firefox\\firefox.exe" "--marionette" "-foreground" "-no-remote" "-profile" "C:\\Users\\MUCAHI~1\\AppData\\Local\\Temp\\rust_mozprofileJtYEqo"
JavaScript error: resource://gre/modules/XULStore.jsm, line 66: Error: Can't find profile directory.
console.error: SearchCache: "_readCacheFile: Error reading cache file:" (new Error("", "(unknown module)"))
1598566930627	Marionette	INFO	Listening on port 56473
1598566930777	Marionette	WARN	TLS certificate errors will be ignored for this session
1598566953125	Marionette	INFO	Stopped listening on port 56473

###!!! [Child][RunMessage] Error: Channel closing: too late to send/recv, messages will be lost


###!!! [Child][MessageChannel::SendAndWait] Error: Channel error: cannot send/recv

1598566990615	geckodriver	INFO	Listening on 127.0.0.1:56615
1598566993661	mozrunner::runner	INFO	Running command: "C:\\Program Files\\Mozilla Firefox\\firefox.exe" "--marionette" "-foreground" "-no-remote" "-profile" "C:\\Users\\MUCAHI~1\\AppData\\Local\\Temp\\rust_mozprofilen92WDv"
JavaScript error: resource://gre/modules/XULStore.jsm, line 66: Error: Can't find profile directory.
console.error: SearchCache: "_readCacheFile: Error reading cache file:" (new Error("", "(unknown module)"))
1598566994929	Marionette	INFO	Listening on port 56626
1598566995166	Marionette	WARN	TLS certificate errors will be ignored for this session
1598567012547	Marionette	WARN	TimedPromise timed out after 0 ms: stacktrace:
TimedPromise/<@chrome://marionette/content/sync.js:245:13
TimedPromise@chrome://marionette/content/sync.js:230:10
Sleep@chrome://marionette/content/sync.js:283:10
dispatchPause@chrome://marionette/content/action.js:1482:10
toEvents/<@chrome://marionette/content/action.js:1156:16
action.dispatchTickActions@chrome://marionette/content/action.js:1060:35
action.dispatch/chainEvents<@chrome://marionette/content/action.js:1028:20
action.dispatch@chrome://marionette/content/action.js:1034:5
performActions@chrome://marionette/content/listener.js:868:16
dispatch/</req<@chrome://marionette/content/listener.js:541:14
dispatch/<@chrome://marionette/content/listener.js:534:15
1598567072622	Marionette	INFO	Stopped listening on port 56626

###!!! [Child][RunMessage] Error: Channel closing: too late to send/recv, messages will be lost


###!!! [Child][MessageChannel::SendAndWait] Error: Channel error: cannot send/recv

1598567075902	geckodriver	INFO	Listening on 127.0.0.1:56798
1598567078926	mozrunner::runner	INFO	Running command: "C:\\Program Files\\Mozilla Firefox\\firefox.exe" "--marionette" "-foreground" "-no-remote" "-profile" "C:\\Users\\MUCAHI~1\\AppData\\Local\\Temp\\rust_mozprofileuQY55N"
JavaScript error: resource://gre/modules/XULStore.jsm, line 66: Error: Can't find profile directory.
console.error: SearchCache: "_readCacheFile: Error reading cache file:" (new Error("", "(unknown module)"))
1598567080130	Marionette	INFO	Listening on port 56808
1598567080432	Marionette	WARN	TLS certificate errors will be ignored for this session
1598567101528	Marionette	WARN	TimedPromise timed out after 0 ms: stacktrace:
TimedPromise/<@chrome://marionette/content/sync.js:245:13
TimedPromise@chrome://marionette/content/sync.js:230:10
Sleep@chrome://marionette/content/sync.js:283:10
dispatchPause@chrome://marionette/content/action.js:1482:10
toEvents/<@chrome://marionette/content/action.js:1156:16
action.dispatchTickActions@chrome://marionette/content/action.js:1060:35
action.dispatch/chainEvents<@chrome://marionette/content/action.js:1028:20
action.dispatch@chrome://marionette/content/action.js:1034:5
performActions@chrome://marionette/content/listener.js:868:16
dispatch/</req<@chrome://marionette/content/listener.js:541:14
dispatch/<@chrome://marionette/content/listener.js:534:15
1598567142059	Marionette	INFO	Stopped listening on port 56808

###!!! [Child][MessageChannel::SendAndWait] Error: Channel error: cannot send/recv

1598567226252	geckodriver	INFO	Listening on 127.0.0.1:57074
1598567229286	mozrunner::runner	INFO	Running command: "C:\\Program Files\\Mozilla Firefox\\firefox.exe" "--marionette" "-foreground" "-no-remote" "-profile" "C:\\Users\\MUCAHI~1\\AppData\\Local\\Temp\\rust_mozprofiledhoP9p"
JavaScript error: resource://gre/modules/XULStore.jsm, line 66: Error: Can't find profile directory.
console.error: SearchCache: "_readCacheFile: Error reading cache file:" (new Error("", "(unknown module)"))
1598567230610	Marionette	INFO	Listening on port 57084
1598567232257	Marionette	INFO	Stopped listening on port 57084

###!!! [Child][MessageChannel::SendAndWait] Error: Channel error: cannot send/recv

1598567234443	geckodriver	INFO	Listening on 127.0.0.1:57118
1598567237478	mozrunner::runner	INFO	Running command: "C:\\Program Files\\Mozilla Firefox\\firefox.exe" "--marionette" "-foreground" "-no-remote" "-profile" "C:\\Users\\MUCAHI~1\\AppData\\Local\\Temp\\rust_mozprofileycrUv6"
JavaScript error: resource://gre/modules/XULStore.jsm, line 66: Error: Can't find profile directory.
console.error: SearchCache: "_readCacheFile: Error reading cache file:" (new Error("", "(unknown module)"))
1598567238721	Marionette	INFO	Listening on port 57128
1598567238983	Marionette	WARN	TLS certificate errors will be ignored for this session
1598567257735	Marionette	INFO	Stopped listening on port 57121598567258241	mozrunner::runner	INFO	Running command: "C:\\Program Files\\Mozilla Firefox\\firefox.exe" "--marionette" "-foreground" "-no-remote" "-profile" "C:\\Users\\MUCAHI~1\\AppData\\Local\\Temp\\rust_mozprofile6gpM6h"
JavaScript error: resource://gre/modules/XULStore.jsm, line 66: Error: Can't find profile directory.
console.error: SearchCache: "_readCacheFile: Error reading cache file:" (new Error("", "(unknown module)"))
1598567259569	Marionette	INFO	Listening on port 57247
1598567259753	Marionette	WARN	TLS certificate errors will be ignored for this session
1598567283052	Marionette	INFO	Stopped listening on port 57247

###!!! [Child][RunMessage] Error: Channel closing: too late to send/recv, messages will be lost


###!!! [Child][MessageChannel::SendAndWait] Error: Channel error: cannot send/recv

1598567319763	geckodriver	INFO	Listening on 127.0.0.1:57373
1598567322787	mozrunner::runner	INFO	Running command: "C:\\Program Files\\Mozilla Firefox\\firefox.exe" "--marionette" "-foreground" "-no-remote" "-profile" "C:\\Users\\MUCAHI~1\\AppData\\Local\\Temp\\rust_mozprofilewkIOrr"
JavaScript error: resource://gre/modules/XULStore.jsm, line 66: Error: Can't find profile directory.
console.error: SearchCache: "_readCacheFile: Error reading cache file:" (new Error("", "(unknown module)"))
1598567324049	Marionette	INFO	Listening on port 57382
1598567324291	Marionette	WARN	TLS certificate errors will be ignored for this session
1598567406028	Marionette	INFO	Stopped listening on port 57381598567407195	mozrunner::runner	INFO	Running command: "C:\\Program Files\\Mozilla Firefox\\firefox.exe" "--marionette" "-foreground" "-no-remote" "-profile" "C:\\Users\\MUCAHI~1\\AppData\\Local\\Temp\\rust_mozprofilerDkW1s"
JavaScript error: resource://gre/modules/XULStore.jsm, line 66: Error: Can't find profile directory.
console.error: SearchCache: "_readCacheFile: Error reading cache file:" (new Error("", "(unknown module)"))
1598567408505	Marionette	INFO	Listening on port 57549
1598567408714	Marionette	WARN	TLS certificate errors will be ignored for this session
1598567427738	Marionette	WARN	TimedPromise timed out after 0 ms: stacktrace:
TimedPromise/<@chrome://marionette/content/sync.js:245:13
TimedPromise@chrome://marionette/content/sync.js:230:10
Sleep@chrome://marionette/content/sync.js:283:10
dispatchPause@chrome://marionette/content/action.js:1482:10
toEvents/<@chrome://marionette/content/action.js:1156:16
action.dispatchTickActions@chrome://marionette/content/action.js:1060:35
action.dispatch/chainEvents<@chrome://marionette/content/action.js:1028:20
action.dispatch@chrome://marionette/content/action.js:1034:5
performActions@chrome://marionette/content/listener.js:868:16
dispatch/</req<@chrome://marionette/content/listener.js:541:14
dispatch/<@chrome://marionette/content/listener.js:534:15
1598567430876	Marionette	INFO	Stopped listening on port 57549
JavaScript error: resource:///modules/FaviconLoader.jsm, line 568: InvalidStateError: An attempt was made to use an object that is not, or is no longer, usable

###!!! [Child][RunMessage] Error: Channel closing: too late to send/recv, messages will be lost


###!!! [Child][MessageChannel::SendAndWait] Error: Channel error: cannot send/recv

1598567452238	geckodriver	INFO	Listening on 127.0.0.1:57676
1598567455286	mozrunner::runner	INFO	Running command: "C:\\Program Files\\Mozilla Firefox\\firefox.exe" "--marionette" "-foreground" "-no-remote" "-profile" "C:\\Users\\MUCAHI~1\\AppData\\Local\\Temp\\rust_mozprofileeEBkdn"
JavaScript error: resource://gre/modules/XULStore.jsm, line 66: Error: Can't find profile directory.
console.error: SearchCache: "_readCacheFile: Error reading cache file:" (new Error("", "(unknown module)"))
1598567456526	Marionette	INFO	Listening on port 57687
1598567456794	Marionette	WARN	TLS certificate errors will be ignored for this session
1598567476218	Marionette	WARN	TimedPromise timed out after 0 ms: stacktrace:
TimedPromise/<@chrome://marionette/content/sync.js:245:13
TimedPromise@chrome://marionette/content/sync.js:230:10
Sleep@chrome://marionette/content/sync.js:283:10
dispatchPause@chrome://marionette/content/action.js:1482:10
toEvents/<@chrome://marionette/content/action.js:1156:16
action.dispatchTickActions@chrome://marionette/content/action.js:1060:35
action.dispatch/chainEvents<@chrome://marionette/content/action.js:1028:20
action.dispatch@chrome://marionette/content/action.js:1034:5
performActions@chrome://marionette/content/listener.js:868:16
dispatch/</req<@chrome://marionette/content/listener.js:541:14
dispatch/<@chrome://marionette/content/listener.js:534:15
1598567697140	Marionette	INFO	Stopped listening on port 57687

###!!! [Child][RunMessage] Error: Channel closing: too late to send/recv, messages will be lost


###!!! [Child][MessageChannel::SendAndWait] Error: Channel error: cannot send/recv

1598567712774	geckodriver	INFO	Listening on 127.0.0.1:57973
1598567715810	mozrunner::runner	INFO	Running command: "C:\\Program Files\\Mozilla Firefox\\firefox.exe" "--marionette" "-foreground" "-no-remote" "-profile" "C:\\Users\\MUCAHI~1\\AppData\\Local\\Temp\\rust_mozprofileCaJUUd"
JavaScript error: resource://gre/modules/XULStore.jsm, line 66: Error: Can't find profile directory.
console.error: SearchCache: "_readCacheFile: Error reading cache file:" (new Error("", "(unknown module)"))
1598567717251	Marionette	INFO	Listening on port 57983
1598567717317	Marionette	WARN	TLS certificate errors will be ignored for this session
1598567768474	Marionette	INFO	Stopped listening on port 57981598567769625	mozrunner::runner	INFO	Running command: "C:\\Program Files\\Mozilla Firefox\\firefox.exe" "--marionette" "-foreground" "-no-remote" "-profile" "C:\\Users\\MUCAHI~1\\AppData\\Local\\Temp\\rust_mozprofileDS4v6t"
JavaScript error: resource://gre/modules/XULStore.jsm, line 66: Error: Can't find profile directory.
console.error: SearchCache: "_readCacheFile: Error reading cache file:" (new Error("", "(unknown module)"))
1598567770909	Marionette	INFO	Listening on port 58125
1598567771140	Marionette	WARN	TLS certificate errors will be ignored for this session
1598567789199	Marionette	WARN	TimedPromise timed out after 0 ms: stacktrace:
TimedPromise/<@chrome://marionette/content/sync.js:245:13
TimedPromise@chrome://marionette/content/sync.js:230:10
Sleep@chrome://marionette/content/sync.js:283:10
dispatchPause@chrome://marionette/content/action.js:1482:10
toEvents/<@chrome://marionette/content/action.js:1156:16
action.dispatchTickActions@chrome://marionette/content/action.js:1060:35
action.dispatch/chainEvents<@chrome://marionette/content/action.js:1028:20
action.dispatch@chrome://marionette/content/action.js:1034:5
performActions@chrome://marionette/content/listener.js:868:16
dispatch/</req<@chrome://marionette/content/listener.js:541:14
dispatch/<@chrome://marionette/content/listener.js:534:15
1598567809240	Marionette	WARN	TimedPromise timed out after 0 ms: stacktrace:
TimedPromise/<@chrome://marionette/content/sync.js:245:13
TimedPromise@chrome://marionette/content/sync.js:230:10
Sleep@chrome://marionette/content/sync.js:283:10
dispatchPause@chrome://marionette/content/action.js:1482:10
toEvents/<@chrome://marionette/content/action.js:1156:16
action.dispatchTickActions@chrome://marionette/content/action.js:1060:35
action.dispatch/chainEvents<@chrome://marionette/content/action.js:1028:20
action.dispatch@chrome://marionette/content/action.js:1034:5
performActions@chrome://marionette/content/listener.js:868:16
dispatch/</req<@chrome://marionette/content/listener.js:541:14
dispatch/<@chrome://marionette/content/listener.js:534:15
1598567876605	Marionette	INFO	Stopped listening on port 58125

###!!! [Child][RunMessage] Error: Channel closing: too late to send/recv, messages will be lost


###!!! [Child][MessageChannel::SendAndWait] Error: Channel error: cannot send/recv

l\\Temp\\rust_mozprofileWytr6v"
console.error: SearchCache: "_readCacheFile: Error reading cache file:" (new Error("", "(unknown module)"))
JavaScript error: resource://gre/modules/XULStore.jsm, line 66: Error: Can't find profile directory.
1598567877322	Marionette	INFO	Listening on port 58319
1598567877446	Marionette	WARN	TLS certificate errors will be ignored for this session
1598567895533	Marionette	WARN	TimedPromise timed out after 0 ms: stacktrace:
TimedPromise/<@chrome://marionette/content/sync.js:245:13
TimedPromise@chrome://marionette/content/sync.js:230:10
Sleep@chrome://marionette/content/sync.js:283:10
dispatchPause@chrome://marionette/content/action.js:1482:10
toEvents/<@chrome://marionette/content/action.js:1156:16
action.dispatchTickActions@chrome://marionette/content/action.js:1060:35
action.dispatch/chainEvents<@chrome://marionette/content/action.js:1028:20
action.dispatch@chrome://marionette/content/action.js:1034:5
performActions@chrome://marionette/content/listener.js:868:16
dispatch/</req<@chrome://marionette/content/listener.js:541:14
dispatch/<@chrome://marionette/content/listener.js:534:15
1598567914487	Marionette	WARN	TimedPromise timed out after 0 ms: stacktrace:
TimedPromise/<@chrome://marionette/content/sync.js:245:13
TimedPromise@chrome://marionette/content/sync.js:230:10
Sleep@chrome://marionette/content/sync.js:283:10
dispatchPause@chrome://marionette/content/action.js:1482:10
toEvents/<@chrome://marionette/content/action.js:1156:16
action.dispatchTickActions@chrome://marionette/content/action.js:1060:35
action.dispatch/chainEvents<@chrome://marionette/content/action.js:1028:20
action.dispatch@chrome://marionette/content/action.js:1034:5
performActions@chrome://marionette/content/listener.js:868:16
dispatch/</req<@chrome://marionette/content/listener.js:541:14
dispatch/<@chrome://marionette/content/listener.js:534:15
1598568097441	Marionette	INFO	Stopped listening on port 58319

###!!! [Child][RunMessage] Error: Channel closing: too late to send/recv, messages will be lost


###!!! [Child][MessageChannel::SendAndWait] Error: Channel error: cannot send/recv

1598568171986	geckodriver	INFO	Listening on 127.0.0.1:58614
1598568175023	mozrunner::runner	INFO	Running command: "C:\\Program Files\\Mozilla Firefox\\firefox.exe" "--marionette" "-foreground" "-no-remote" "-profile" "C:\\Users\\MUCAHI~1\\AppData\\Local\\Temp\\rust_mozprofilekrOFvW"
JavaScript error: resource://gre/modules/XULStore.jsm, line 66: Error: Can't find profile directory.
console.error: SearchCache: "_readCacheFile: Error reading cache file:" (new Error("", "(unknown module)"))
1598568176313	Marionette	INFO	Listening on port 58625
1598568176528	Marionette	WARN	TLS certificate errors will be ignored for this session
1598568195005	Marionette	WARN	TimedPromise timed out after 0 ms: stacktrace:
TimedPromise/<@chrome://marionette/content/sync.js:245:13
TimedPromise@chrome://marionette/content/sync.js:230:10
Sleep@chrome://marionette/content/sync.js:283:10
dispatchPause@chrome://marionette/content/action.js:1482:10
toEvents/<@chrome://marionette/content/action.js:1156:16
action.dispatchTickActions@chrome://marionette/content/action.js:1060:35
action.dispatch/chainEvents<@chrome://marionette/content/action.js:1028:20
action.dispatch@chrome://marionette/content/action.js:1034:5
performActions@chrome://marionette/content/listener.js:868:16
dispatch/</req<@chrome://marionette/content/listener.js:541:14
dispatch/<@chrome://marionette/content/listener.js:534:15
1598568215397	Marionette	WARN	TimedPromise timed out after 0 ms: stacktrace:
TimedPromise/<@chrome://marionette/content/sync.js:245:13
TimedPromise@chrome://marionette/content/sync.js:230:10
Sleep@chrome://marionette/content/sync.js:283:10
dispatchPause@chrome://marionette/content/action.js:1482:10
toEvents/<@chrome://marionette/content/action.js:1156:16
action.dispatchTickActions@chrome://marionette/content/action.js:1060:35
action.dispatch/chainEvents<@chrome://marionette/content/action.js:1028:20
action.dispatch@chrome://marionette/content/action.js:1034:5
performActions@chrome://marionette/content/listener.js:868:16
dispatch/</req<@chrome://marionette/content/listener.js:541:14
dispatch/<@chrome://marionette/content/listener.js:534:15
1598568356842	Marionette	INFO	Stopped listening on port 58625

###!!! [Child][RunMessage] Error: Channel closing: too late to send/recv, messages will be lost


###!!! [Child][MessageChannel::SendAndWait] Error: Channel error: cannot send/recv

l\\Temp\\rust_mozprofile19KkKM"
JavaScript error: resource://gre/modules/XULStore.jsm, line 66: Error: Can't find profile directory.
console.error: SearchCache: "_readCacheFile: Error reading cache file:" (new Error("", "(unknown module)"))
1598568276425	Marionette	INFO	Listening on port 58802
1598568276685	Marionette	WARN	TLS certificate errors will be ignored for this session
1598568295682	Marionette	WARN	TimedPromise timed out after 0 ms: stacktrace:
TimedPromise/<@chrome://marionette/content/sync.js:245:13
TimedPromise@chrome://marionette/content/sync.js:230:10
Sleep@chrome://marionette/content/sync.js:283:10
dispatchPause@chrome://marionette/content/action.js:1482:10
toEvents/<@chrome://marionette/content/action.js:1156:16
action.dispatchTickActions@chrome://marionette/content/action.js:1060:35
action.dispatch/chainEvents<@chrome://marionette/content/action.js:1028:20
action.dispatch@chrome://marionette/content/action.js:1034:5
performActions@chrome://marionette/content/listener.js:868:16
dispatch/</req<@chrome://marionette/content/listener.js:541:14
dispatch/<@chrome://marionette/content/listener.js:534:15
1598568298647	Marionette	INFO	Stopped listening on port 58802
JavaScript error: , line 0: AbortError: Error retrieving push subscription.
JavaScript error: resource:///modules/FaviconLoader.jsm, line 568: InvalidStateError: An attempt was made to use an object that is not, or is no longer, usable

###!!! [Child][RunMessage] Error: Channel closing: too late to send/recv, messages will be lost


###!!! [Child][MessageChannel::SendAndWait] Error: Channel error: cannot send/recv

1598568299359	geckodriver	INFO	Listening on 127.0.0.1:58923
1598568302379	mozrunner::runner	INFO	Running command: "C:\\Program Files\\Mozilla Firefox\\firefox.exe" "--marionette" "-foreground" "-no-remote" "-profile" "C:\\Users\\MUCAHI~1\\AppData\\Local\\Temp\\rust_mozprofilenGrMxC"
JavaScript error: resource://gre/modules/XULStore.jsm, line 66: Error: Can't find profile directory.
console.error: SearchCache: "_readCacheFile: Error reading cache file:" (new Error("", "(unknown module)"))
1598568303656	Marionette	INFO	Listening on port 58932
1598568303886	Marionette	WARN	TLS certificate errors will be ignored for this session
1598568321929	Marionette	WARN	TimedPromise timed out after 0 ms: stacktrace:
TimedPromise/<@chrome://marionette/content/sync.js:245:13
TimedPromise@chrome://marionette/content/sync.js:230:10
Sleep@chrome://marionette/content/sync.js:283:10
dispatchPause@chrome://marionette/content/action.js:1482:10
toEvents/<@chrome://marionette/content/action.js:1156:16
action.dispatchTickActions@chrome://marionette/content/action.js:1060:35
action.dispatch/chainEvents<@chrome://marionette/content/action.js:1028:20
action.dispatch@chrome://marionette/content/action.js:1034:5
performActions@chrome://marionette/content/listener.js:868:16
dispatch/</req<@chrome://marionette/content/listener.js:541:14
dispatch/<@chrome://marionette/content/listener.js:534:15
1598568324885	Marionette	INFO	Stopped listening on port 58932
JavaScript error: , line 0: AbortError: Error retrieving push subscription.
JavaScript error: resource:///modules/FaviconLoader.jsm, line 568: InvalidStateError: An attempt was made to use an object that is not, or is no longer, usable

###!!! [Child][RunMessage] Error: Channel closing: too late to send/recv, messages will be lost


###!!! [Child][MessageChannel::SendAndWait] Error: Channel error: cannot send/recv

1598568325650	geckodriver	INFO	Listening on 127.0.0.1:59053
1598568328670	mozrunner::runner	INFO	Running command: "C:\\Program Files\\Mozilla Firefox\\firefox.exe" "--marionette" "-foreground" "-no-remote" "-profile" "C:\\Users\\MUCAHI~1\\AppData\\Local\\Temp\\rust_mozprofile8XgOZm"
JavaScript error: resource://gre/modules/XULStore.jsm, line 66: Error: Can't find profile directory.
console.error: SearchCache: "_readCacheFile: Error reading cache file:" (new Error("", "(unknown module)"))
1598568329906	Marionette	INFO	Listening on port 59063
1598568330175	Marionette	WARN	TLS certificate errors will be ignored for this session
1598568349378	Marionette	WARN	TimedPromise timed out after 0 ms: stacktrace:
TimedPromise/<@chrome://marionette/content/sync.js:245:13
TimedPromise@chrome://marionette/content/sync.js:230:10
Sleep@chrome://marionette/content/sync.js:283:10
dispatchPause@chrome://marionette/content/action.js:1482:10
toEvents/<@chrome://marionette/content/action.js:1156:16
action.dispatchTickActions@chrome://marionette/content/action.js:1060:35
action.dispatch/chainEvents<@chrome://marionette/content/action.js:1028:20
action.dispatch@chrome://marionette/content/action.js:1034:5
performActions@chrome://marionette/content/listener.js:868:16
dispatch/</req<@chrome://marionette/content/listener.js:541:14
dispatch/<@chrome://marionette/content/listener.js:534:15
1598568352340	Marionette	INFO	Stopped listening on port 59063
JavaScript error: resource:///modules/FaviconLoader.jsm, line 568: InvalidStateError: An attempt was made to use an object that is not, or is no longer, usable

###!!! [Child][RunMessage] Error: Channel closing: too late to send/recv, messages will be lost


###!!! [Child][MessageChannel::SendAndWait] Error: Channel error: cannot send/recv

